0 info it worked if it ends with ok
1 verbose cli [ '/usr/bin/nodejs',
1 verbose cli   '/usr/bin/npm',
1 verbose cli   'install',
1 verbose cli   'cylon',
1 verbose cli   'cylon-intel-iot',
1 verbose cli   'cylon-gpio',
1 verbose cli   'cylon-i2c',
1 verbose cli   'cylon-spi',
1 verbose cli   '--save' ]
2 info using npm@3.10.8
3 info using node@v6.6.0
4 silly loadCurrentTree Starting
5 silly install loadCurrentTree
6 silly install readLocalPackageData
7 silly fetchPackageMetaData cylon@^1.3.0
8 silly fetchPackageMetaData cylon-intel-iot@^0.12.0
9 silly fetchPackageMetaData cylon-gpio@^0.29.0
10 silly fetchPackageMetaData cylon-i2c@^0.26.1
11 silly fetchPackageMetaData cylon-spi
12 silly fetchNamedPackageData cylon
13 silly mapToRegistry name cylon
14 silly mapToRegistry using default registry
15 silly mapToRegistry registry https://registry.npmjs.org/
16 silly mapToRegistry data Result {
16 silly mapToRegistry   raw: 'cylon',
16 silly mapToRegistry   scope: null,
16 silly mapToRegistry   escapedName: 'cylon',
16 silly mapToRegistry   name: 'cylon',
16 silly mapToRegistry   rawSpec: '',
16 silly mapToRegistry   spec: 'latest',
16 silly mapToRegistry   type: 'tag' }
17 silly mapToRegistry uri https://registry.npmjs.org/cylon
18 silly fetchNamedPackageData cylon-intel-iot
19 silly mapToRegistry name cylon-intel-iot
20 silly mapToRegistry using default registry
21 silly mapToRegistry registry https://registry.npmjs.org/
22 silly mapToRegistry data Result {
22 silly mapToRegistry   raw: 'cylon-intel-iot',
22 silly mapToRegistry   scope: null,
22 silly mapToRegistry   escapedName: 'cylon-intel-iot',
22 silly mapToRegistry   name: 'cylon-intel-iot',
22 silly mapToRegistry   rawSpec: '',
22 silly mapToRegistry   spec: 'latest',
22 silly mapToRegistry   type: 'tag' }
23 silly mapToRegistry uri https://registry.npmjs.org/cylon-intel-iot
24 silly fetchNamedPackageData cylon-gpio
25 silly mapToRegistry name cylon-gpio
26 silly mapToRegistry using default registry
27 silly mapToRegistry registry https://registry.npmjs.org/
28 silly mapToRegistry data Result {
28 silly mapToRegistry   raw: 'cylon-gpio',
28 silly mapToRegistry   scope: null,
28 silly mapToRegistry   escapedName: 'cylon-gpio',
28 silly mapToRegistry   name: 'cylon-gpio',
28 silly mapToRegistry   rawSpec: '',
28 silly mapToRegistry   spec: 'latest',
28 silly mapToRegistry   type: 'tag' }
29 silly mapToRegistry uri https://registry.npmjs.org/cylon-gpio
30 silly fetchNamedPackageData cylon-i2c
31 silly mapToRegistry name cylon-i2c
32 silly mapToRegistry using default registry
33 silly mapToRegistry registry https://registry.npmjs.org/
34 silly mapToRegistry data Result {
34 silly mapToRegistry   raw: 'cylon-i2c',
34 silly mapToRegistry   scope: null,
34 silly mapToRegistry   escapedName: 'cylon-i2c',
34 silly mapToRegistry   name: 'cylon-i2c',
34 silly mapToRegistry   rawSpec: '',
34 silly mapToRegistry   spec: 'latest',
34 silly mapToRegistry   type: 'tag' }
35 silly mapToRegistry uri https://registry.npmjs.org/cylon-i2c
36 silly fetchNamedPackageData cylon-spi
37 silly mapToRegistry name cylon-spi
38 silly mapToRegistry using default registry
39 silly mapToRegistry registry https://registry.npmjs.org/
40 silly mapToRegistry data Result {
40 silly mapToRegistry   raw: 'cylon-spi',
40 silly mapToRegistry   scope: null,
40 silly mapToRegistry   escapedName: 'cylon-spi',
40 silly mapToRegistry   name: 'cylon-spi',
40 silly mapToRegistry   rawSpec: '',
40 silly mapToRegistry   spec: 'latest',
40 silly mapToRegistry   type: 'tag' }
41 silly mapToRegistry uri https://registry.npmjs.org/cylon-spi
42 verbose request uri https://registry.npmjs.org/cylon-spi
43 verbose request no auth needed
44 info attempt registry request try #1 at 11:23:16 PM
45 verbose request id 9a2b1912c0b9ef93
46 http request GET https://registry.npmjs.org/cylon-spi
47 verbose request uri https://registry.npmjs.org/cylon-intel-iot
48 verbose request no auth needed
49 info attempt registry request try #1 at 11:23:16 PM
50 verbose etag "DY7IY7SX5NZRYNTZ14G6O9QP"
51 http request GET https://registry.npmjs.org/cylon-intel-iot
52 verbose request uri https://registry.npmjs.org/cylon-gpio
53 verbose request no auth needed
54 info attempt registry request try #1 at 11:23:16 PM
55 verbose etag "C05NSGH655DMRZHVQCAS3WZ16"
56 http request GET https://registry.npmjs.org/cylon-gpio
57 verbose request uri https://registry.npmjs.org/cylon
58 verbose request no auth needed
59 info attempt registry request try #1 at 11:23:16 PM
60 verbose etag "EFWUV4WF149K73PYDFOFU639I"
61 http request GET https://registry.npmjs.org/cylon
62 verbose request uri https://registry.npmjs.org/cylon-i2c
63 verbose request no auth needed
64 info attempt registry request try #1 at 11:23:16 PM
65 verbose etag "66X890RV3RW8URNCMT1OVRGIB"
66 http request GET https://registry.npmjs.org/cylon-i2c
67 http 304 https://registry.npmjs.org/cylon-intel-iot
68 verbose headers { date: 'Fri, 23 Sep 2016 21:23:16 GMT',
68 verbose headers   via: '1.1 varnish',
68 verbose headers   'cache-control': 'max-age=300',
68 verbose headers   etag: '"DY7IY7SX5NZRYNTZ14G6O9QP"',
68 verbose headers   age: '115',
68 verbose headers   connection: 'keep-alive',
68 verbose headers   'x-served-by': 'cache-ams4138-AMS',
68 verbose headers   'x-cache': 'HIT',
68 verbose headers   'x-cache-hits': '1',
68 verbose headers   'x-timer': 'S1474665796.611255,VS0,VE0',
68 verbose headers   vary: 'Accept-Encoding' }
69 silly get cb [ 304,
69 silly get   { date: 'Fri, 23 Sep 2016 21:23:16 GMT',
69 silly get     via: '1.1 varnish',
69 silly get     'cache-control': 'max-age=300',
69 silly get     etag: '"DY7IY7SX5NZRYNTZ14G6O9QP"',
69 silly get     age: '115',
69 silly get     connection: 'keep-alive',
69 silly get     'x-served-by': 'cache-ams4138-AMS',
69 silly get     'x-cache': 'HIT',
69 silly get     'x-cache-hits': '1',
69 silly get     'x-timer': 'S1474665796.611255,VS0,VE0',
69 silly get     vary: 'Accept-Encoding' } ]
70 verbose etag https://registry.npmjs.org/cylon-intel-iot from cache
71 verbose get saving cylon-intel-iot to /home/jacksoft/.npm/registry.npmjs.org/cylon-intel-iot/.cache.json
72 verbose correctMkdir /home/jacksoft/.npm correctMkdir not in flight; initializing
73 http 304 https://registry.npmjs.org/cylon-gpio
74 verbose headers { date: 'Fri, 23 Sep 2016 21:23:16 GMT',
74 verbose headers   via: '1.1 varnish',
74 verbose headers   'cache-control': 'max-age=300',
74 verbose headers   etag: '"C05NSGH655DMRZHVQCAS3WZ16"',
74 verbose headers   age: '49',
74 verbose headers   connection: 'keep-alive',
74 verbose headers   'x-served-by': 'cache-ams4146-AMS',
74 verbose headers   'x-cache': 'HIT',
74 verbose headers   'x-cache-hits': '1',
74 verbose headers   'x-timer': 'S1474665796.611522,VS0,VE0',
74 verbose headers   vary: 'Accept-Encoding' }
75 silly get cb [ 304,
75 silly get   { date: 'Fri, 23 Sep 2016 21:23:16 GMT',
75 silly get     via: '1.1 varnish',
75 silly get     'cache-control': 'max-age=300',
75 silly get     etag: '"C05NSGH655DMRZHVQCAS3WZ16"',
75 silly get     age: '49',
75 silly get     connection: 'keep-alive',
75 silly get     'x-served-by': 'cache-ams4146-AMS',
75 silly get     'x-cache': 'HIT',
75 silly get     'x-cache-hits': '1',
75 silly get     'x-timer': 'S1474665796.611522,VS0,VE0',
75 silly get     vary: 'Accept-Encoding' } ]
76 verbose etag https://registry.npmjs.org/cylon-gpio from cache
77 verbose get saving cylon-gpio to /home/jacksoft/.npm/registry.npmjs.org/cylon-gpio/.cache.json
78 verbose correctMkdir /home/jacksoft/.npm correctMkdir already in flight; waiting
79 http 304 https://registry.npmjs.org/cylon
80 verbose headers { date: 'Fri, 23 Sep 2016 21:23:16 GMT',
80 verbose headers   via: '1.1 varnish',
80 verbose headers   'cache-control': 'max-age=300',
80 verbose headers   etag: '"EFWUV4WF149K73PYDFOFU639I"',
80 verbose headers   age: '115',
80 verbose headers   connection: 'keep-alive',
80 verbose headers   'x-served-by': 'cache-ams4428-AMS',
80 verbose headers   'x-cache': 'HIT',
80 verbose headers   'x-cache-hits': '1',
80 verbose headers   'x-timer': 'S1474665796.611827,VS0,VE0',
80 verbose headers   vary: 'Accept-Encoding' }
81 silly get cb [ 304,
81 silly get   { date: 'Fri, 23 Sep 2016 21:23:16 GMT',
81 silly get     via: '1.1 varnish',
81 silly get     'cache-control': 'max-age=300',
81 silly get     etag: '"EFWUV4WF149K73PYDFOFU639I"',
81 silly get     age: '115',
81 silly get     connection: 'keep-alive',
81 silly get     'x-served-by': 'cache-ams4428-AMS',
81 silly get     'x-cache': 'HIT',
81 silly get     'x-cache-hits': '1',
81 silly get     'x-timer': 'S1474665796.611827,VS0,VE0',
81 silly get     vary: 'Accept-Encoding' } ]
82 verbose etag https://registry.npmjs.org/cylon from cache
83 verbose get saving cylon to /home/jacksoft/.npm/registry.npmjs.org/cylon/.cache.json
84 verbose correctMkdir /home/jacksoft/.npm correctMkdir already in flight; waiting
85 http 304 https://registry.npmjs.org/cylon-i2c
86 verbose headers { date: 'Fri, 23 Sep 2016 21:23:16 GMT',
86 verbose headers   via: '1.1 varnish',
86 verbose headers   'cache-control': 'max-age=300',
86 verbose headers   etag: '"66X890RV3RW8URNCMT1OVRGIB"',
86 verbose headers   age: '49',
86 verbose headers   connection: 'keep-alive',
86 verbose headers   'x-served-by': 'cache-ams4428-AMS',
86 verbose headers   'x-cache': 'HIT',
86 verbose headers   'x-cache-hits': '1',
86 verbose headers   'x-timer': 'S1474665796.612196,VS0,VE0',
86 verbose headers   vary: 'Accept-Encoding' }
87 silly get cb [ 304,
87 silly get   { date: 'Fri, 23 Sep 2016 21:23:16 GMT',
87 silly get     via: '1.1 varnish',
87 silly get     'cache-control': 'max-age=300',
87 silly get     etag: '"66X890RV3RW8URNCMT1OVRGIB"',
87 silly get     age: '49',
87 silly get     connection: 'keep-alive',
87 silly get     'x-served-by': 'cache-ams4428-AMS',
87 silly get     'x-cache': 'HIT',
87 silly get     'x-cache-hits': '1',
87 silly get     'x-timer': 'S1474665796.612196,VS0,VE0',
87 silly get     vary: 'Accept-Encoding' } ]
88 verbose etag https://registry.npmjs.org/cylon-i2c from cache
89 verbose get saving cylon-i2c to /home/jacksoft/.npm/registry.npmjs.org/cylon-i2c/.cache.json
90 verbose correctMkdir /home/jacksoft/.npm correctMkdir already in flight; waiting
91 http 404 https://registry.npmjs.org/cylon-spi
92 verbose headers { 'content-type': 'application/json',
92 verbose headers   'cache-control': 'max-age=0',
92 verbose headers   'content-length': '2',
92 verbose headers   'accept-ranges': 'bytes',
92 verbose headers   date: 'Fri, 23 Sep 2016 21:23:17 GMT',
92 verbose headers   via: '1.1 varnish',
92 verbose headers   age: '0',
92 verbose headers   connection: 'keep-alive',
92 verbose headers   'x-served-by': 'cache-ams4137-AMS',
92 verbose headers   'x-cache': 'MISS',
92 verbose headers   'x-cache-hits': '0',
92 verbose headers   'x-timer': 'S1474665796.614121,VS0,VE696',
92 verbose headers   vary: 'Accept-Encoding' }
93 silly get cb [ 404,
93 silly get   { 'content-type': 'application/json',
93 silly get     'cache-control': 'max-age=0',
93 silly get     'content-length': '2',
93 silly get     'accept-ranges': 'bytes',
93 silly get     date: 'Fri, 23 Sep 2016 21:23:17 GMT',
93 silly get     via: '1.1 varnish',
93 silly get     age: '0',
93 silly get     connection: 'keep-alive',
93 silly get     'x-served-by': 'cache-ams4137-AMS',
93 silly get     'x-cache': 'MISS',
93 silly get     'x-cache-hits': '0',
93 silly get     'x-timer': 'S1474665796.614121,VS0,VE696',
93 silly get     vary: 'Accept-Encoding' } ]
94 silly fetchPackageMetaData Error: Registry returned 404 for GET on https://registry.npmjs.org/cylon-spi
94 silly fetchPackageMetaData     at makeError (/usr/lib/node_modules/npm/node_modules/npm-registry-client/lib/request.js:302:12)
94 silly fetchPackageMetaData     at CachingRegistryClient.<anonymous> (/usr/lib/node_modules/npm/node_modules/npm-registry-client/lib/request.js:280:14)
94 silly fetchPackageMetaData     at Request._callback (/usr/lib/node_modules/npm/node_modules/npm-registry-client/lib/request.js:210:14)
94 silly fetchPackageMetaData     at Request.self.callback (/usr/lib/node_modules/npm/node_modules/request/request.js:187:22)
94 silly fetchPackageMetaData     at emitTwo (events.js:106:13)
94 silly fetchPackageMetaData     at Request.emit (events.js:191:7)
94 silly fetchPackageMetaData     at Request.<anonymous> (/usr/lib/node_modules/npm/node_modules/request/request.js:1044:10)
94 silly fetchPackageMetaData     at emitOne (events.js:96:13)
94 silly fetchPackageMetaData     at Request.emit (events.js:188:7)
94 silly fetchPackageMetaData     at IncomingMessage.<anonymous> (/usr/lib/node_modules/npm/node_modules/request/request.js:965:12)
94 silly fetchPackageMetaData  error for cylon-spi { Error: Registry returned 404 for GET on https://registry.npmjs.org/cylon-spi
94 silly fetchPackageMetaData     at makeError (/usr/lib/node_modules/npm/node_modules/npm-registry-client/lib/request.js:302:12)
94 silly fetchPackageMetaData     at CachingRegistryClient.<anonymous> (/usr/lib/node_modules/npm/node_modules/npm-registry-client/lib/request.js:280:14)
94 silly fetchPackageMetaData     at Request._callback (/usr/lib/node_modules/npm/node_modules/npm-registry-client/lib/request.js:210:14)
94 silly fetchPackageMetaData     at Request.self.callback (/usr/lib/node_modules/npm/node_modules/request/request.js:187:22)
94 silly fetchPackageMetaData     at emitTwo (events.js:106:13)
94 silly fetchPackageMetaData     at Request.emit (events.js:191:7)
94 silly fetchPackageMetaData     at Request.<anonymous> (/usr/lib/node_modules/npm/node_modules/request/request.js:1044:10)
94 silly fetchPackageMetaData     at emitOne (events.js:96:13)
94 silly fetchPackageMetaData     at Request.emit (events.js:188:7)
94 silly fetchPackageMetaData     at IncomingMessage.<anonymous> (/usr/lib/node_modules/npm/node_modules/request/request.js:965:12) pkgid: 'cylon-spi', statusCode: 404, code: 'E404' }
95 silly rollbackFailedOptional Starting
96 silly rollbackFailedOptional Finishing
97 silly runTopLevelLifecycles Finishing
98 silly install printInstalled
99 verbose stack Error: Registry returned 404 for GET on https://registry.npmjs.org/cylon-spi
99 verbose stack     at makeError (/usr/lib/node_modules/npm/node_modules/npm-registry-client/lib/request.js:302:12)
99 verbose stack     at CachingRegistryClient.<anonymous> (/usr/lib/node_modules/npm/node_modules/npm-registry-client/lib/request.js:280:14)
99 verbose stack     at Request._callback (/usr/lib/node_modules/npm/node_modules/npm-registry-client/lib/request.js:210:14)
99 verbose stack     at Request.self.callback (/usr/lib/node_modules/npm/node_modules/request/request.js:187:22)
99 verbose stack     at emitTwo (events.js:106:13)
99 verbose stack     at Request.emit (events.js:191:7)
99 verbose stack     at Request.<anonymous> (/usr/lib/node_modules/npm/node_modules/request/request.js:1044:10)
99 verbose stack     at emitOne (events.js:96:13)
99 verbose stack     at Request.emit (events.js:188:7)
99 verbose stack     at IncomingMessage.<anonymous> (/usr/lib/node_modules/npm/node_modules/request/request.js:965:12)
100 verbose statusCode 404
101 verbose pkgid cylon-spi
102 verbose cwd /home/jacksoft/edison01/blink-cylon
103 error Linux 4.4.0-36-generic
104 error argv "/usr/bin/nodejs" "/usr/bin/npm" "install" "cylon" "cylon-intel-iot" "cylon-gpio" "cylon-i2c" "cylon-spi" "--save"
105 error node v6.6.0
106 error npm  v3.10.8
107 error code E404
108 error 404 Registry returned 404 for GET on https://registry.npmjs.org/cylon-spi
109 error 404
110 error 404 'cylon-spi' is not in the npm registry.
111 error 404 You should bug the author to publish it (or use the name yourself!)
112 error 404 Note that you can also install from a
113 error 404 tarball, folder, http url, or git url.
114 verbose exit [ 1, true ]
